[2024-04-05T05:13:45.908+0000] {taskinstance.py:1979} INFO - Dependencies all met for dep_context=non-requeueable deps ti=<TaskInstance: IMDB-DAG.upload_dataset_to_gcs_task manual__2024-04-05T05:12:38.335163+00:00 [queued]>
[2024-04-05T05:13:45.915+0000] {taskinstance.py:1979} INFO - Dependencies all met for dep_context=requeueable deps ti=<TaskInstance: IMDB-DAG.upload_dataset_to_gcs_task manual__2024-04-05T05:12:38.335163+00:00 [queued]>
[2024-04-05T05:13:45.915+0000] {taskinstance.py:2193} INFO - Starting attempt 1 of 1
[2024-04-05T05:13:45.925+0000] {taskinstance.py:2217} INFO - Executing <Task(LocalFilesystemToGCSOperator): upload_dataset_to_gcs_task> on 2024-04-05 05:12:38.335163+00:00
[2024-04-05T05:13:45.967+0000] {standard_task_runner.py:60} INFO - Started process 10116 to run task
[2024-04-05T05:13:45.970+0000] {standard_task_runner.py:87} INFO - Running: ['***', 'tasks', 'run', 'IMDB-DAG', 'upload_dataset_to_gcs_task', 'manual__2024-04-05T05:12:38.335163+00:00', '--job-id', '149', '--raw', '--subdir', 'DAGS_FOLDER/imdb_dab.py', '--cfg-path', '/tmp/tmps2ee1lne']
[2024-04-05T05:13:45.978+0000] {standard_task_runner.py:88} INFO - Job 149: Subtask upload_dataset_to_gcs_task
[2024-04-05T05:13:46.052+0000] {task_command.py:423} INFO - Running <TaskInstance: IMDB-DAG.upload_dataset_to_gcs_task manual__2024-04-05T05:12:38.335163+00:00 [running]> on host e5f09ea51a9c
[2024-04-05T05:13:46.151+0000] {taskinstance.py:2513} INFO - Exporting env vars: AIRFLOW_CTX_DAG_OWNER='iamraphson' AIRFLOW_CTX_DAG_ID='IMDB-DAG' AIRFLOW_CTX_TASK_ID='upload_dataset_to_gcs_task' AIRFLOW_CTX_EXECUTION_DATE='2024-04-05T05:12:38.335163+00:00' AIRFLOW_CTX_TRY_NUMBER='1' AIRFLOW_CTX_DAG_RUN_ID='manual__2024-04-05T05:12:38.335163+00:00'
[2024-04-05T05:13:46.162+0000] {connection.py:269} WARNING - Connection schemes (type: google_cloud_platform) shall not contain '_' according to RFC3986.
[2024-04-05T05:13:46.164+0000] {base.py:83} INFO - Using connection ID 'google_cloud_default' for task execution.
[2024-04-05T05:14:11.562+0000] {gcs.py:557} INFO - File /opt/***/raws/name.basics.tsv.gz uploaded to raws/name.basics.tsv.gz in imdb_datalake_radiant-gateway-412001 bucket
[2024-04-05T05:14:12.265+0000] {gcs.py:557} INFO - File /opt/***/raws/title.ratings.tsv.gz uploaded to raws/title.ratings.tsv.gz in imdb_datalake_radiant-gateway-412001 bucket
[2024-04-05T05:14:23.388+0000] {gcs.py:557} INFO - File /opt/***/raws/title.basics.tsv.gz uploaded to raws/title.basics.tsv.gz in imdb_datalake_radiant-gateway-412001 bucket
[2024-04-05T05:14:25.619+0000] {gcs.py:557} INFO - File /opt/***/raws/title.crew.tsv.gz uploaded to raws/title.crew.tsv.gz in imdb_datalake_radiant-gateway-412001 bucket
[2024-04-05T05:14:46.175+0000] {gcs.py:557} INFO - File /opt/***/raws/title.principals.tsv.gz uploaded to raws/title.principals.tsv.gz in imdb_datalake_radiant-gateway-412001 bucket
[2024-04-05T05:14:58.790+0000] {gcs.py:557} INFO - File /opt/***/raws/title.akas.tsv.gz uploaded to raws/title.akas.tsv.gz in imdb_datalake_radiant-gateway-412001 bucket
[2024-04-05T05:15:00.379+0000] {gcs.py:557} INFO - File /opt/***/raws/title.episode.tsv.gz uploaded to raws/title.episode.tsv.gz in imdb_datalake_radiant-gateway-412001 bucket
[2024-04-05T05:15:00.435+0000] {taskinstance.py:1149} INFO - Marking task as SUCCESS. dag_id=IMDB-DAG, task_id=upload_dataset_to_gcs_task, execution_date=20240405T051238, start_date=20240405T051345, end_date=20240405T051500
[2024-04-05T05:15:00.477+0000] {local_task_job_runner.py:234} INFO - Task exited with return code 0
[2024-04-05T05:15:00.508+0000] {taskinstance.py:3312} INFO - 1 downstream tasks scheduled from follow-on schedule check
