[2024-04-03T21:13:06.103+0000] {taskinstance.py:1979} INFO - Dependencies all met for dep_context=non-requeueable deps ti=<TaskInstance: IMDB-DAG.download-dataset-tasks.download_title.akas_task manual__2024-04-03T21:13:00.296262+00:00 [queued]>
[2024-04-03T21:13:06.119+0000] {taskinstance.py:1979} INFO - Dependencies all met for dep_context=requeueable deps ti=<TaskInstance: IMDB-DAG.download-dataset-tasks.download_title.akas_task manual__2024-04-03T21:13:00.296262+00:00 [queued]>
[2024-04-03T21:13:06.121+0000] {taskinstance.py:2193} INFO - Starting attempt 1 of 1
[2024-04-03T21:13:06.152+0000] {taskinstance.py:2217} INFO - Executing <Task(BashOperator): download-dataset-tasks.download_title.akas_task> on 2024-04-03 21:13:00.296262+00:00
[2024-04-03T21:13:06.222+0000] {standard_task_runner.py:60} INFO - Started process 3396 to run task
[2024-04-03T21:13:06.254+0000] {standard_task_runner.py:87} INFO - Running: ['***', 'tasks', 'run', 'IMDB-DAG', 'download-dataset-tasks.download_title.akas_task', 'manual__2024-04-03T21:13:00.296262+00:00', '--job-id', '4', '--raw', '--subdir', 'DAGS_FOLDER/imdb_dab.py', '--cfg-path', '/tmp/tmpvsh9poun']
[2024-04-03T21:13:06.259+0000] {standard_task_runner.py:88} INFO - Job 4: Subtask download-dataset-tasks.download_title.akas_task
[2024-04-03T21:13:06.589+0000] {task_command.py:423} INFO - Running <TaskInstance: IMDB-DAG.download-dataset-tasks.download_title.akas_task manual__2024-04-03T21:13:00.296262+00:00 [running]> on host 092193d62c58
[2024-04-03T21:13:06.693+0000] {taskinstance.py:2513} INFO - Exporting env vars: AIRFLOW_CTX_DAG_OWNER='iamraphson' AIRFLOW_CTX_DAG_ID='IMDB-DAG' AIRFLOW_CTX_TASK_ID='download-dataset-tasks.download_title.akas_task' AIRFLOW_CTX_EXECUTION_DATE='2024-04-03T21:13:00.296262+00:00' AIRFLOW_CTX_TRY_NUMBER='1' AIRFLOW_CTX_DAG_RUN_ID='manual__2024-04-03T21:13:00.296262+00:00'
[2024-04-03T21:13:06.695+0000] {subprocess.py:63} INFO - Tmp dir root location: /tmp
[2024-04-03T21:13:06.698+0000] {subprocess.py:75} INFO - Running command: ['/usr/bin/bash', '-c', 'wget -P /opt/***/raw https://datasets.imdbws.com/title.akas.tsv.gz']
[2024-04-03T21:13:06.724+0000] {subprocess.py:86} INFO - Output:
[2024-04-03T21:13:06.763+0000] {subprocess.py:93} INFO - /usr/bin/bash: line 1: wget: command not found
[2024-04-03T21:13:06.764+0000] {subprocess.py:97} INFO - Command exited with return code 127
[2024-04-03T21:13:06.778+0000] {taskinstance.py:2731} ERROR - Task failed with exception
Traceback (most recent call last):
  File "/home/airflow/.local/lib/python3.8/site-packages/airflow/models/taskinstance.py", line 444, in _execute_task
    result = _execute_callable(context=context, **execute_callable_kwargs)
  File "/home/airflow/.local/lib/python3.8/site-packages/airflow/models/taskinstance.py", line 414, in _execute_callable
    return execute_callable(context=context, **execute_callable_kwargs)
  File "/home/airflow/.local/lib/python3.8/site-packages/airflow/operators/bash.py", line 212, in execute
    raise AirflowException(
airflow.exceptions.AirflowException: Bash command failed. The command returned a non-zero exit code 127.
[2024-04-03T21:13:06.783+0000] {taskinstance.py:1149} INFO - Marking task as FAILED. dag_id=IMDB-DAG, task_id=download-dataset-tasks.download_title.akas_task, execution_date=20240403T211300, start_date=20240403T211306, end_date=20240403T211306
[2024-04-03T21:13:06.804+0000] {standard_task_runner.py:107} ERROR - Failed to execute job 4 for task download-dataset-tasks.download_title.akas_task (Bash command failed. The command returned a non-zero exit code 127.; 3396)
[2024-04-03T21:13:06.856+0000] {local_task_job_runner.py:234} INFO - Task exited with return code 1
[2024-04-03T21:13:06.930+0000] {taskinstance.py:3312} INFO - 0 downstream tasks scheduled from follow-on schedule check
