[2024-04-04T23:07:04.510+0000] {taskinstance.py:1979} INFO - Dependencies all met for dep_context=non-requeueable deps ti=<TaskInstance: IMDB-DAG.upload_dataset_to_gcs_task manual__2024-04-04T23:06:02.580546+00:00 [queued]>
[2024-04-04T23:07:04.520+0000] {taskinstance.py:1979} INFO - Dependencies all met for dep_context=requeueable deps ti=<TaskInstance: IMDB-DAG.upload_dataset_to_gcs_task manual__2024-04-04T23:06:02.580546+00:00 [queued]>
[2024-04-04T23:07:04.521+0000] {taskinstance.py:2193} INFO - Starting attempt 1 of 1
[2024-04-04T23:07:04.534+0000] {taskinstance.py:2217} INFO - Executing <Task(LocalFilesystemToGCSOperator): upload_dataset_to_gcs_task> on 2024-04-04 23:06:02.580546+00:00
[2024-04-04T23:07:04.627+0000] {standard_task_runner.py:60} INFO - Started process 399 to run task
[2024-04-04T23:07:04.635+0000] {standard_task_runner.py:87} INFO - Running: ['***', 'tasks', 'run', 'IMDB-DAG', 'upload_dataset_to_gcs_task', 'manual__2024-04-04T23:06:02.580546+00:00', '--job-id', '99', '--raw', '--subdir', 'DAGS_FOLDER/imdb_dab.py', '--cfg-path', '/tmp/tmpxcxb_y52']
[2024-04-04T23:07:04.639+0000] {standard_task_runner.py:88} INFO - Job 99: Subtask upload_dataset_to_gcs_task
[2024-04-04T23:07:04.745+0000] {task_command.py:423} INFO - Running <TaskInstance: IMDB-DAG.upload_dataset_to_gcs_task manual__2024-04-04T23:06:02.580546+00:00 [running]> on host e5f09ea51a9c
[2024-04-04T23:07:04.849+0000] {taskinstance.py:2513} INFO - Exporting env vars: AIRFLOW_CTX_DAG_OWNER='iamraphson' AIRFLOW_CTX_DAG_ID='IMDB-DAG' AIRFLOW_CTX_TASK_ID='upload_dataset_to_gcs_task' AIRFLOW_CTX_EXECUTION_DATE='2024-04-04T23:06:02.580546+00:00' AIRFLOW_CTX_TRY_NUMBER='1' AIRFLOW_CTX_DAG_RUN_ID='manual__2024-04-04T23:06:02.580546+00:00'
[2024-04-04T23:07:05.009+0000] {connection.py:269} WARNING - Connection schemes (type: google_cloud_platform) shall not contain '_' according to RFC3986.
[2024-04-04T23:07:05.055+0000] {base.py:83} INFO - Using connection ID 'google_cloud_default' for task execution.
[2024-04-04T23:07:19.655+0000] {gcs.py:557} INFO - File /opt/***/raws/name.basics.tsv.gz uploaded to raws/name.basics.tsv.gz in imdb_datalake_radiant-gateway-412001 bucket
[2024-04-04T23:07:20.037+0000] {gcs.py:557} INFO - File /opt/***/raws/title.ratings.tsv.gz uploaded to raws/title.ratings.tsv.gz in imdb_datalake_radiant-gateway-412001 bucket
[2024-04-04T23:07:29.807+0000] {gcs.py:557} INFO - File /opt/***/raws/title.basics.tsv.gz uploaded to raws/title.basics.tsv.gz in imdb_datalake_radiant-gateway-412001 bucket
[2024-04-04T23:07:35.036+0000] {gcs.py:557} INFO - File /opt/***/raws/title.crew.tsv.gz uploaded to raws/title.crew.tsv.gz in imdb_datalake_radiant-gateway-412001 bucket
[2024-04-04T23:08:07.568+0000] {gcs.py:557} INFO - File /opt/***/raws/title.principals.tsv.gz uploaded to raws/title.principals.tsv.gz in imdb_datalake_radiant-gateway-412001 bucket
[2024-04-04T23:08:28.599+0000] {gcs.py:557} INFO - File /opt/***/raws/title.akas.tsv.gz uploaded to raws/title.akas.tsv.gz in imdb_datalake_radiant-gateway-412001 bucket
[2024-04-04T23:08:30.596+0000] {gcs.py:557} INFO - File /opt/***/raws/title.episode.tsv.gz uploaded to raws/title.episode.tsv.gz in imdb_datalake_radiant-gateway-412001 bucket
[2024-04-04T23:08:30.762+0000] {taskinstance.py:1149} INFO - Marking task as SUCCESS. dag_id=IMDB-DAG, task_id=upload_dataset_to_gcs_task, execution_date=20240404T230602, start_date=20240404T230704, end_date=20240404T230830
[2024-04-04T23:08:30.879+0000] {local_task_job_runner.py:234} INFO - Task exited with return code 0
[2024-04-04T23:08:30.945+0000] {taskinstance.py:3312} INFO - 1 downstream tasks scheduled from follow-on schedule check
