[2024-04-05T03:04:55.859+0000] {taskinstance.py:1979} INFO - Dependencies all met for dep_context=non-requeueable deps ti=<TaskInstance: IMDB-DAG.upload_dataset_to_gcs_task manual__2024-04-05T03:04:08.689681+00:00 [queued]>
[2024-04-05T03:04:55.865+0000] {taskinstance.py:1979} INFO - Dependencies all met for dep_context=requeueable deps ti=<TaskInstance: IMDB-DAG.upload_dataset_to_gcs_task manual__2024-04-05T03:04:08.689681+00:00 [queued]>
[2024-04-05T03:04:55.865+0000] {taskinstance.py:2193} INFO - Starting attempt 1 of 1
[2024-04-05T03:04:55.873+0000] {taskinstance.py:2217} INFO - Executing <Task(LocalFilesystemToGCSOperator): upload_dataset_to_gcs_task> on 2024-04-05 03:04:08.689681+00:00
[2024-04-05T03:04:55.891+0000] {standard_task_runner.py:60} INFO - Started process 730 to run task
[2024-04-05T03:04:55.898+0000] {standard_task_runner.py:87} INFO - Running: ['***', 'tasks', 'run', 'IMDB-DAG', 'upload_dataset_to_gcs_task', 'manual__2024-04-05T03:04:08.689681+00:00', '--job-id', '117', '--raw', '--subdir', 'DAGS_FOLDER/imdb_dab.py', '--cfg-path', '/tmp/tmplgwoenfk']
[2024-04-05T03:04:55.906+0000] {standard_task_runner.py:88} INFO - Job 117: Subtask upload_dataset_to_gcs_task
[2024-04-05T03:04:55.956+0000] {task_command.py:423} INFO - Running <TaskInstance: IMDB-DAG.upload_dataset_to_gcs_task manual__2024-04-05T03:04:08.689681+00:00 [running]> on host e5f09ea51a9c
[2024-04-05T03:04:56.001+0000] {taskinstance.py:2513} INFO - Exporting env vars: AIRFLOW_CTX_DAG_OWNER='iamraphson' AIRFLOW_CTX_DAG_ID='IMDB-DAG' AIRFLOW_CTX_TASK_ID='upload_dataset_to_gcs_task' AIRFLOW_CTX_EXECUTION_DATE='2024-04-05T03:04:08.689681+00:00' AIRFLOW_CTX_TRY_NUMBER='1' AIRFLOW_CTX_DAG_RUN_ID='manual__2024-04-05T03:04:08.689681+00:00'
[2024-04-05T03:04:56.006+0000] {connection.py:269} WARNING - Connection schemes (type: google_cloud_platform) shall not contain '_' according to RFC3986.
[2024-04-05T03:04:56.007+0000] {base.py:83} INFO - Using connection ID 'google_cloud_default' for task execution.
[2024-04-05T03:05:06.723+0000] {gcs.py:557} INFO - File /opt/***/raws/name.basics.tsv.gz uploaded to raws/name.basics.tsv.gz in imdb_datalake_radiant-gateway-412001 bucket
[2024-04-05T03:05:07.054+0000] {gcs.py:557} INFO - File /opt/***/raws/title.ratings.tsv.gz uploaded to raws/title.ratings.tsv.gz in imdb_datalake_radiant-gateway-412001 bucket
[2024-04-05T03:05:12.948+0000] {gcs.py:557} INFO - File /opt/***/raws/title.basics.tsv.gz uploaded to raws/title.basics.tsv.gz in imdb_datalake_radiant-gateway-412001 bucket
[2024-04-05T03:05:15.315+0000] {gcs.py:557} INFO - File /opt/***/raws/title.crew.tsv.gz uploaded to raws/title.crew.tsv.gz in imdb_datalake_radiant-gateway-412001 bucket
[2024-04-05T03:05:34.991+0000] {gcs.py:557} INFO - File /opt/***/raws/title.principals.tsv.gz uploaded to raws/title.principals.tsv.gz in imdb_datalake_radiant-gateway-412001 bucket
[2024-04-05T03:05:48.666+0000] {gcs.py:557} INFO - File /opt/***/raws/title.akas.tsv.gz uploaded to raws/title.akas.tsv.gz in imdb_datalake_radiant-gateway-412001 bucket
[2024-04-05T03:05:50.560+0000] {gcs.py:557} INFO - File /opt/***/raws/title.episode.tsv.gz uploaded to raws/title.episode.tsv.gz in imdb_datalake_radiant-gateway-412001 bucket
[2024-04-05T03:05:50.616+0000] {taskinstance.py:1149} INFO - Marking task as SUCCESS. dag_id=IMDB-DAG, task_id=upload_dataset_to_gcs_task, execution_date=20240405T030408, start_date=20240405T030455, end_date=20240405T030550
[2024-04-05T03:05:50.805+0000] {local_task_job_runner.py:234} INFO - Task exited with return code 0
[2024-04-05T03:05:50.874+0000] {taskinstance.py:3312} INFO - 1 downstream tasks scheduled from follow-on schedule check
