[2024-04-05T04:48:07.897+0000] {taskinstance.py:1979} INFO - Dependencies all met for dep_context=non-requeueable deps ti=<TaskInstance: IMDB-DAG.upload_dataset_to_gcs_task manual__2024-04-05T04:47:11.816565+00:00 [queued]>
[2024-04-05T04:48:07.905+0000] {taskinstance.py:1979} INFO - Dependencies all met for dep_context=requeueable deps ti=<TaskInstance: IMDB-DAG.upload_dataset_to_gcs_task manual__2024-04-05T04:47:11.816565+00:00 [queued]>
[2024-04-05T04:48:07.905+0000] {taskinstance.py:2193} INFO - Starting attempt 1 of 1
[2024-04-05T04:48:07.918+0000] {taskinstance.py:2217} INFO - Executing <Task(LocalFilesystemToGCSOperator): upload_dataset_to_gcs_task> on 2024-04-05 04:47:11.816565+00:00
[2024-04-05T04:48:07.947+0000] {standard_task_runner.py:60} INFO - Started process 6240 to run task
[2024-04-05T04:48:07.951+0000] {standard_task_runner.py:87} INFO - Running: ['***', 'tasks', 'run', 'IMDB-DAG', 'upload_dataset_to_gcs_task', 'manual__2024-04-05T04:47:11.816565+00:00', '--job-id', '133', '--raw', '--subdir', 'DAGS_FOLDER/imdb_dab.py', '--cfg-path', '/tmp/tmpimo1g3_7']
[2024-04-05T04:48:07.956+0000] {standard_task_runner.py:88} INFO - Job 133: Subtask upload_dataset_to_gcs_task
[2024-04-05T04:48:08.017+0000] {task_command.py:423} INFO - Running <TaskInstance: IMDB-DAG.upload_dataset_to_gcs_task manual__2024-04-05T04:47:11.816565+00:00 [running]> on host e5f09ea51a9c
[2024-04-05T04:48:08.066+0000] {taskinstance.py:2513} INFO - Exporting env vars: AIRFLOW_CTX_DAG_OWNER='iamraphson' AIRFLOW_CTX_DAG_ID='IMDB-DAG' AIRFLOW_CTX_TASK_ID='upload_dataset_to_gcs_task' AIRFLOW_CTX_EXECUTION_DATE='2024-04-05T04:47:11.816565+00:00' AIRFLOW_CTX_TRY_NUMBER='1' AIRFLOW_CTX_DAG_RUN_ID='manual__2024-04-05T04:47:11.816565+00:00'
[2024-04-05T04:48:08.073+0000] {connection.py:269} WARNING - Connection schemes (type: google_cloud_platform) shall not contain '_' according to RFC3986.
[2024-04-05T04:48:08.075+0000] {base.py:83} INFO - Using connection ID 'google_cloud_default' for task execution.
[2024-04-05T04:48:23.725+0000] {gcs.py:557} INFO - File /opt/***/raws/name.basics.tsv.gz uploaded to raws/name.basics.tsv.gz in imdb_datalake_radiant-gateway-412001 bucket
[2024-04-05T04:48:24.333+0000] {gcs.py:557} INFO - File /opt/***/raws/title.ratings.tsv.gz uploaded to raws/title.ratings.tsv.gz in imdb_datalake_radiant-gateway-412001 bucket
[2024-04-05T04:48:35.038+0000] {gcs.py:557} INFO - File /opt/***/raws/title.basics.tsv.gz uploaded to raws/title.basics.tsv.gz in imdb_datalake_radiant-gateway-412001 bucket
[2024-04-05T04:48:38.735+0000] {gcs.py:557} INFO - File /opt/***/raws/title.crew.tsv.gz uploaded to raws/title.crew.tsv.gz in imdb_datalake_radiant-gateway-412001 bucket
[2024-04-05T04:49:08.783+0000] {gcs.py:557} INFO - File /opt/***/raws/title.principals.tsv.gz uploaded to raws/title.principals.tsv.gz in imdb_datalake_radiant-gateway-412001 bucket
[2024-04-05T04:49:26.631+0000] {gcs.py:557} INFO - File /opt/***/raws/title.akas.tsv.gz uploaded to raws/title.akas.tsv.gz in imdb_datalake_radiant-gateway-412001 bucket
[2024-04-05T04:49:28.995+0000] {gcs.py:557} INFO - File /opt/***/raws/title.episode.tsv.gz uploaded to raws/title.episode.tsv.gz in imdb_datalake_radiant-gateway-412001 bucket
[2024-04-05T04:49:29.011+0000] {taskinstance.py:1149} INFO - Marking task as SUCCESS. dag_id=IMDB-DAG, task_id=upload_dataset_to_gcs_task, execution_date=20240405T044711, start_date=20240405T044807, end_date=20240405T044929
[2024-04-05T04:49:29.071+0000] {local_task_job_runner.py:234} INFO - Task exited with return code 0
[2024-04-05T04:49:29.099+0000] {taskinstance.py:3312} INFO - 1 downstream tasks scheduled from follow-on schedule check
