[2024-04-05T12:37:49.240+0000] {taskinstance.py:1979} INFO - Dependencies all met for dep_context=non-requeueable deps ti=<TaskInstance: IMDB-DAG.upload_dataset_to_gcs_task manual__2024-04-05T12:37:02.616740+00:00 [queued]>
[2024-04-05T12:37:49.246+0000] {taskinstance.py:1979} INFO - Dependencies all met for dep_context=requeueable deps ti=<TaskInstance: IMDB-DAG.upload_dataset_to_gcs_task manual__2024-04-05T12:37:02.616740+00:00 [queued]>
[2024-04-05T12:37:49.246+0000] {taskinstance.py:2193} INFO - Starting attempt 1 of 1
[2024-04-05T12:37:49.255+0000] {taskinstance.py:2217} INFO - Executing <Task(LocalFilesystemToGCSOperator): upload_dataset_to_gcs_task> on 2024-04-05 12:37:02.616740+00:00
[2024-04-05T12:37:49.260+0000] {standard_task_runner.py:60} INFO - Started process 216 to run task
[2024-04-05T12:37:49.263+0000] {standard_task_runner.py:87} INFO - Running: ['***', 'tasks', 'run', 'IMDB-DAG', 'upload_dataset_to_gcs_task', 'manual__2024-04-05T12:37:02.616740+00:00', '--job-id', '167', '--raw', '--subdir', 'DAGS_FOLDER/imdb_dab.py', '--cfg-path', '/tmp/tmpqkj55ch3']
[2024-04-05T12:37:49.265+0000] {standard_task_runner.py:88} INFO - Job 167: Subtask upload_dataset_to_gcs_task
[2024-04-05T12:37:49.291+0000] {task_command.py:423} INFO - Running <TaskInstance: IMDB-DAG.upload_dataset_to_gcs_task manual__2024-04-05T12:37:02.616740+00:00 [running]> on host 77371722413f
[2024-04-05T12:37:49.364+0000] {taskinstance.py:2513} INFO - Exporting env vars: AIRFLOW_CTX_DAG_OWNER='iamraphson' AIRFLOW_CTX_DAG_ID='IMDB-DAG' AIRFLOW_CTX_TASK_ID='upload_dataset_to_gcs_task' AIRFLOW_CTX_EXECUTION_DATE='2024-04-05T12:37:02.616740+00:00' AIRFLOW_CTX_TRY_NUMBER='1' AIRFLOW_CTX_DAG_RUN_ID='manual__2024-04-05T12:37:02.616740+00:00'
[2024-04-05T12:37:49.369+0000] {connection.py:269} WARNING - Connection schemes (type: google_cloud_platform) shall not contain '_' according to RFC3986.
[2024-04-05T12:37:49.370+0000] {base.py:83} INFO - Using connection ID 'google_cloud_default' for task execution.
[2024-04-05T12:38:04.667+0000] {gcs.py:557} INFO - File /opt/***/raws/name.basics.tsv.gz uploaded to raws/name.basics.tsv.gz in imdb_datalake_radiant-gateway-412001 bucket
[2024-04-05T12:38:05.046+0000] {gcs.py:557} INFO - File /opt/***/raws/title.ratings.tsv.gz uploaded to raws/title.ratings.tsv.gz in imdb_datalake_radiant-gateway-412001 bucket
[2024-04-05T12:38:10.294+0000] {gcs.py:557} INFO - File /opt/***/raws/title.basics.tsv.gz uploaded to raws/title.basics.tsv.gz in imdb_datalake_radiant-gateway-412001 bucket
[2024-04-05T12:38:12.536+0000] {gcs.py:557} INFO - File /opt/***/raws/title.crew.tsv.gz uploaded to raws/title.crew.tsv.gz in imdb_datalake_radiant-gateway-412001 bucket
[2024-04-05T12:38:33.827+0000] {gcs.py:557} INFO - File /opt/***/raws/title.principals.tsv.gz uploaded to raws/title.principals.tsv.gz in imdb_datalake_radiant-gateway-412001 bucket
[2024-04-05T12:38:47.250+0000] {gcs.py:557} INFO - File /opt/***/raws/title.akas.tsv.gz uploaded to raws/title.akas.tsv.gz in imdb_datalake_radiant-gateway-412001 bucket
[2024-04-05T12:38:48.676+0000] {gcs.py:557} INFO - File /opt/***/raws/title.episode.tsv.gz uploaded to raws/title.episode.tsv.gz in imdb_datalake_radiant-gateway-412001 bucket
[2024-04-05T12:38:48.704+0000] {taskinstance.py:1149} INFO - Marking task as SUCCESS. dag_id=IMDB-DAG, task_id=upload_dataset_to_gcs_task, execution_date=20240405T123702, start_date=20240405T123749, end_date=20240405T123848
[2024-04-05T12:38:49.027+0000] {local_task_job_runner.py:234} INFO - Task exited with return code 0
[2024-04-05T12:38:49.090+0000] {taskinstance.py:3312} INFO - 1 downstream tasks scheduled from follow-on schedule check
